app/build/intermediates/manifest_merge_blame_file/debug/manifest-merger-blame-debug-report.txt
1<?xml version="1.0" encoding="utf-8"?>
2<manifest xmlns:android="http://schemas.android.com/apk/res/android"
3    package="com.student.basic_ui"
4    android:versionCode="1"
5    android:versionName="1.0" >
6
7    <uses-sdk
8        android:minSdkVersion="16"
8-->src\main\AndroidManifest.xml
9        android:targetSdkVersion="30" />
9-->src\main\AndroidManifest.xml
10
11    <application
11-->src\main\AndroidManifest.xml:5:5-23:19
12        android:allowBackup="true"
12-->src\main\AndroidManifest.xml:6:9-35
13        android:appComponentFactory="androidx.core.app.CoreComponentFactory"
13-->[androidx.core:core:1.3.2] AndroidManifest.xml:24:18-86
14        android:debuggable="true"
15        android:icon="@mipmap/ic_launcher"
15-->src\main\AndroidManifest.xml:7:9-43
16        android:label="@string/app_name"
16-->src\main\AndroidManifest.xml:8:9-41
17        android:roundIcon="@mipmap/ic_launcher_round"
17-->src\main\AndroidManifest.xml:9:9-54
18        android:supportsRtl="true"
18-->src\main\AndroidManifest.xml:10:9-35
19        android:testOnly="true"
20        android:theme="@style/Theme.Basic_UI" >
20-->src\main\AndroidManifest.xml:11:9-46
21        <activity android:name="com.student.basic_ui.SecondaryActivity" />
21-->src\main\AndroidManifest.xml:12:9-64
21-->src\main\AndroidManifest.xml:12:19-52
22        <activity
22-->src\main\AndroidManifest.xml:13:9-22:20
23            android:name="com.student.basic_ui.MainActivity"
23-->src\main\AndroidManifest.xml:14:13-41
24            android:label="@string/app_name"
24-->src\main\AndroidManifest.xml:15:13-45
25            android:theme="@style/Theme.Basic_UI.NoActionBar" >
25-->src\main\AndroidManifest.xml:16:13-62
26            <intent-filter>
26-->src\main\AndroidManifest.xml:17:13-21:29
27                <action android:name="android.intent.action.MAIN" />
27-->src\main\AndroidManifest.xml:18:17-69
27-->src\main\AndroidManifest.xml:18:25-66
28
29                <category android:name="android.intent.category.LAUNCHER" />
29-->src\main\AndroidManifest.xml:20:17-77
29-->src\main\AndroidManifest.xml:20:27-74
30            </intent-filter>
31        </activity>
32
33        <provider
33-->[com.louiscad.splitties:splitties-appctx-android:3.0.0-beta01] AndroidManifest.xml:12:9-18:46
34            android:name="splitties.init.AppCtxInitProvider"
34-->[com.louiscad.splitties:splitties-appctx-android:3.0.0-beta01] AndroidManifest.xml:13:13-61
35            android:authorities="com.student.basic_ui.appctxinitprovider"
35-->[com.louiscad.splitties:splitties-appctx-android:3.0.0-beta01] AndroidManifest.xml:14:13-70
36            android:directBootAware="true"
36-->[com.louiscad.splitties:splitties-appctx-android:3.0.0-beta01] AndroidManifest.xml:15:13-43
37            android:exported="false"
37-->[com.louiscad.splitties:splitties-appctx-android:3.0.0-beta01] AndroidManifest.xml:16:13-37
38            android:initOrder="900" />
38-->[com.louiscad.splitties:splitties-appctx-android:3.0.0-beta01] AndroidManifest.xml:17:13-36
39    </application>
40
41</manifest>